<?xml version="1.0" ?>
<coverage version="7.2.3" timestamp="1681819697207" lines-valid="822" lines-covered="723" line-rate="0.8796" branches-valid="270" branches-covered="218" branch-rate="0.8074" complexity="0">
	<!-- Generated by coverage.py: https://coverage.readthedocs.io/en/7.2.3 -->
	<!-- Based on https://raw.githubusercontent.com/cobertura/web/master/htdocs/xml/coverage-04.dtd -->
	<sources>
		<source>/Users/ivan/projects/pymox</source>
	</sources>
	<packages>
		<package name="mox" line-rate="0.8796" branch-rate="0.8074" complexity="0">
			<classes>
				<class name="__init__.py" filename="mox/__init__.py" complexity="0" line-rate="1" branch-rate="1">
					<methods/>
					<lines>
						<line number="1" hits="1"/>
						<line number="3" hits="1"/>
					</lines>
				</class>
				<class name="mox.py" filename="mox/mox.py" complexity="0" line-rate="0.9009" branch-rate="0.8387">
					<methods/>
					<lines>
						<line number="17" hits="1"/>
						<line number="64" hits="1"/>
						<line number="65" hits="1"/>
						<line number="66" hits="0"/>
						<line number="67" hits="0"/>
						<line number="68" hits="1"/>
						<line number="69" hits="1"/>
						<line number="70" hits="1"/>
						<line number="71" hits="1"/>
						<line number="72" hits="1"/>
						<line number="73" hits="1"/>
						<line number="74" hits="1"/>
						<line number="76" hits="1"/>
						<line number="78" hits="1"/>
						<line number="81" hits="1"/>
						<line number="84" hits="1"/>
						<line number="87" hits="1"/>
						<line number="92" hits="1"/>
						<line number="105" hits="1" branch="true" condition-coverage="100% (2/2)"/>
						<line number="106" hits="1"/>
						<line number="107" hits="1"/>
						<line number="108" hits="1"/>
						<line number="110" hits="1"/>
						<line number="111" hits="1" branch="true" condition-coverage="100% (2/2)"/>
						<line number="113" hits="1"/>
						<line number="116" hits="1"/>
						<line number="123" hits="1"/>
						<line number="135" hits="1"/>
						<line number="136" hits="1" branch="true" condition-coverage="100% (2/2)"/>
						<line number="137" hits="1"/>
						<line number="139" hits="1"/>
						<line number="140" hits="1"/>
						<line number="142" hits="1" branch="true" condition-coverage="100% (2/2)"/>
						<line number="147" hits="1"/>
						<line number="148" hits="1"/>
						<line number="151" hits="1"/>
						<line number="154" hits="1"/>
						<line number="163" hits="1"/>
						<line number="164" hits="1"/>
						<line number="166" hits="1"/>
						<line number="167" hits="0"/>
						<line number="171" hits="1"/>
						<line number="176" hits="1"/>
						<line number="177" hits="1"/>
						<line number="178" hits="1"/>
						<line number="180" hits="1"/>
						<line number="181" hits="0"/>
						<line number="185" hits="1"/>
						<line number="188" hits="1"/>
						<line number="199" hits="1" branch="true" condition-coverage="50% (1/2)" missing-branches="200"/>
						<line number="200" hits="0"/>
						<line number="201" hits="1"/>
						<line number="202" hits="1"/>
						<line number="204" hits="1"/>
						<line number="205" hits="0" branch="true" condition-coverage="0% (0/2)" missing-branches="exit,207"/>
						<line number="207" hits="0"/>
						<line number="210" hits="1"/>
						<line number="213" hits="1"/>
						<line number="222" hits="1"/>
						<line number="223" hits="1"/>
						<line number="224" hits="1"/>
						<line number="225" hits="1"/>
						<line number="227" hits="1"/>
						<line number="228" hits="0" branch="true" condition-coverage="0% (0/2)" missing-branches="exit,229"/>
						<line number="229" hits="0"/>
						<line number="231" hits="0" branch="true" condition-coverage="0% (0/2)" missing-branches="232,235"/>
						<line number="232" hits="0" branch="true" condition-coverage="0% (0/2)" missing-branches="exit,235"/>
						<line number="235" hits="0"/>
						<line number="236" hits="0"/>
						<line number="239" hits="1"/>
						<line number="247" hits="1"/>
						<line number="255" hits="1"/>
						<line number="256" hits="1"/>
						<line number="258" hits="1"/>
						<line number="259" hits="0" branch="true" condition-coverage="0% (0/2)" missing-branches="exit,263"/>
						<line number="263" hits="0"/>
						<line number="266" hits="1"/>
						<line number="271" hits="1"/>
						<line number="283" hits="1"/>
						<line number="288" hits="1" branch="true" condition-coverage="50% (1/2)" missing-branches="291"/>
						<line number="289" hits="1"/>
						<line number="291" hits="1"/>
						<line number="294" hits="1"/>
						<line number="295" hits="1"/>
						<line number="297" hits="1"/>
						<line number="309" hits="1" branch="true" condition-coverage="50% (1/2)" missing-branches="311"/>
						<line number="310" hits="1"/>
						<line number="311" hits="1"/>
						<line number="312" hits="1"/>
						<line number="313" hits="1"/>
						<line number="315" hits="1"/>
						<line number="324" hits="1"/>
						<line number="325" hits="1"/>
						<line number="326" hits="1"/>
						<line number="328" hits="1"/>
						<line number="331" hits="1" branch="true" condition-coverage="100% (2/2)"/>
						<line number="332" hits="1"/>
						<line number="334" hits="1"/>
						<line number="337" hits="1" branch="true" condition-coverage="100% (2/2)"/>
						<line number="338" hits="1"/>
						<line number="340" hits="1"/>
						<line number="343" hits="0" branch="true" condition-coverage="0% (0/2)" missing-branches="exit,344"/>
						<line number="344" hits="0"/>
						<line number="346" hits="1"/>
						<line number="361" hits="1"/>
						<line number="362" hits="1"/>
						<line number="364" hits="1" branch="true" condition-coverage="100% (2/2)"/>
						<line number="365" hits="1"/>
						<line number="368" hits="1" branch="true" condition-coverage="50% (1/2)" missing-branches="374"/>
						<line number="372" hits="1"/>
						<line number="374" hits="0"/>
						<line number="377" hits="0"/>
						<line number="379" hits="1"/>
						<line number="381" hits="1"/>
						<line number="419" hits="1"/>
						<line number="420" hits="1"/>
						<line number="422" hits="1" branch="true" condition-coverage="50% (1/2)" missing-branches="423"/>
						<line number="423" hits="0"/>
						<line number="426" hits="1" branch="true" condition-coverage="100% (2/2)"/>
						<line number="427" hits="1"/>
						<line number="429" hits="1"/>
						<line number="430" hits="1"/>
						<line number="431" hits="1"/>
						<line number="433" hits="1"/>
						<line number="436" hits="1"/>
						<line number="439" hits="1"/>
						<line number="446" hits="1" branch="true" condition-coverage="100% (2/2)"/>
						<line number="447" hits="1"/>
						<line number="450" hits="1"/>
						<line number="457" hits="1" branch="true" condition-coverage="50% (1/2)" missing-branches="exit"/>
						<line number="458" hits="1"/>
						<line number="461" hits="1"/>
						<line number="468" hits="1" branch="true" condition-coverage="100% (2/2)"/>
						<line number="469" hits="1"/>
						<line number="472" hits="1"/>
						<line number="478" hits="1"/>
						<line number="485" hits="1"/>
						<line number="486" hits="1"/>
						<line number="487" hits="1"/>
						<line number="489" hits="1"/>
						<line number="490" hits="0"/>
						<line number="492" hits="1"/>
						<line number="493" hits="0"/>
						<line number="495" hits="1"/>
						<line number="496" hits="0"/>
						<line number="498" hits="1"/>
						<line number="499" hits="1" branch="true" condition-coverage="100% (2/2)"/>
						<line number="500" hits="1"/>
						<line number="502" hits="1"/>
						<line number="504" hits="1"/>
						<line number="505" hits="1"/>
						<line number="507" hits="1"/>
						<line number="508" hits="1"/>
						<line number="510" hits="1"/>
						<line number="511" hits="1"/>
						<line number="513" hits="1"/>
						<line number="527" hits="1" branch="true" condition-coverage="50% (1/2)" missing-branches="528"/>
						<line number="528" hits="0"/>
						<line number="530" hits="1"/>
						<line number="532" hits="1"/>
						<line number="546" hits="1"/>
						<line number="551" hits="1"/>
						<line number="554" hits="0"/>
						<line number="556" hits="1"/>
						<line number="559" hits="1"/>
						<line number="563" hits="1"/>
						<line number="566" hits="1"/>
						<line number="568" hits="1"/>
						<line number="571" hits="1"/>
						<line number="573" hits="1"/>
						<line number="586" hits="1" branch="true" condition-coverage="100% (2/2)"/>
						<line number="587" hits="1"/>
						<line number="589" hits="1" branch="true" condition-coverage="100% (2/2)"/>
						<line number="591" hits="1"/>
						<line number="596" hits="1" branch="true" condition-coverage="100% (2/2)"/>
						<line number="599" hits="1"/>
						<line number="601" hits="1"/>
						<line number="603" hits="1"/>
						<line number="607" hits="1"/>
						<line number="610" hits="1"/>
						<line number="613" hits="1"/>
						<line number="617" hits="1"/>
						<line number="633" hits="1" branch="true" condition-coverage="100% (2/2)"/>
						<line number="634" hits="1"/>
						<line number="638" hits="1"/>
						<line number="641" hits="1"/>
						<line number="642" hits="1"/>
						<line number="643" hits="1"/>
						<line number="644" hits="1"/>
						<line number="645" hits="1" branch="true" condition-coverage="100% (2/2)"/>
						<line number="646" hits="1"/>
						<line number="647" hits="1" branch="true" condition-coverage="100% (2/2)"/>
						<line number="648" hits="1" branch="true" condition-coverage="50% (1/2)" missing-branches="649"/>
						<line number="649" hits="0"/>
						<line number="650" hits="0"/>
						<line number="652" hits="1"/>
						<line number="653" hits="1"/>
						<line number="654" hits="1" branch="true" condition-coverage="100% (2/2)"/>
						<line number="655" hits="1"/>
						<line number="656" hits="1"/>
						<line number="659" hits="1"/>
						<line number="662" hits="1"/>
						<line number="664" hits="1"/>
						<line number="667" hits="1" branch="true" condition-coverage="100% (2/2)"/>
						<line number="669" hits="1"/>
						<line number="670" hits="1" branch="true" condition-coverage="50% (1/2)" missing-branches="679"/>
						<line number="671" hits="1"/>
						<line number="673" hits="1"/>
						<line number="674" hits="1"/>
						<line number="675" hits="1"/>
						<line number="676" hits="0"/>
						<line number="677" hits="0"/>
						<line number="679" hits="1" branch="true" condition-coverage="100% (2/2)"/>
						<line number="680" hits="1"/>
						<line number="681" hits="1"/>
						<line number="682" hits="1"/>
						<line number="683" hits="1"/>
						<line number="684" hits="1" branch="true" condition-coverage="100% (2/2)"/>
						<line number="685" hits="1"/>
						<line number="686" hits="1" branch="true" condition-coverage="100% (2/2)"/>
						<line number="688" hits="1"/>
						<line number="693" hits="1" branch="true" condition-coverage="100% (2/2)"/>
						<line number="694" hits="1" branch="true" condition-coverage="100% (2/2)"/>
						<line number="695" hits="1"/>
						<line number="696" hits="1" branch="true" condition-coverage="100% (2/2)"/>
						<line number="697" hits="1"/>
						<line number="701" hits="1"/>
						<line number="703" hits="1"/>
						<line number="728" hits="1" branch="true" condition-coverage="100% (2/2)"/>
						<line number="729" hits="1"/>
						<line number="731" hits="1" branch="true" condition-coverage="100% (2/2)"/>
						<line number="732" hits="1"/>
						<line number="736" hits="1"/>
						<line number="737" hits="1"/>
						<line number="738" hits="1"/>
						<line number="740" hits="1"/>
						<line number="743" hits="1"/>
						<line number="748" hits="1"/>
						<line number="768" hits="1" branch="true" condition-coverage="50% (1/2)" missing-branches="769"/>
						<line number="769" hits="0"/>
						<line number="773" hits="1" branch="true" condition-coverage="100% (2/2)"/>
						<line number="774" hits="1"/>
						<line number="783" hits="1"/>
						<line number="785" hits="1"/>
						<line number="803" hits="1" branch="true" condition-coverage="50% (1/2)" missing-branches="804"/>
						<line number="804" hits="0"/>
						<line number="808" hits="1" branch="true" condition-coverage="100% (2/2)"/>
						<line number="809" hits="1"/>
						<line number="813" hits="1"/>
						<line number="815" hits="1"/>
						<line number="828" hits="1"/>
						<line number="831" hits="1" branch="true" condition-coverage="100% (2/2)"/>
						<line number="834" hits="1" branch="true" condition-coverage="50% (1/2)" missing-branches="835"/>
						<line number="835" hits="0"/>
						<line number="837" hits="1"/>
						<line number="838" hits="1"/>
						<line number="839" hits="1"/>
						<line number="840" hits="1"/>
						<line number="841" hits="1"/>
						<line number="842" hits="1"/>
						<line number="843" hits="1"/>
						<line number="844" hits="1"/>
						<line number="847" hits="1" branch="true" condition-coverage="100% (2/2)"/>
						<line number="848" hits="1"/>
						<line number="852" hits="1"/>
						<line number="854" hits="1"/>
						<line number="871" hits="1"/>
						<line number="873" hits="1" branch="true" condition-coverage="50% (1/2)" missing-branches="874"/>
						<line number="874" hits="0"/>
						<line number="876" hits="1" branch="true" condition-coverage="100% (2/2)"/>
						<line number="877" hits="1"/>
						<line number="880" hits="1"/>
						<line number="882" hits="1"/>
						<line number="886" hits="1"/>
						<line number="892" hits="1" branch="true" condition-coverage="100% (2/2)"/>
						<line number="893" hits="1"/>
						<line number="900" hits="1"/>
						<line number="901" hits="1" branch="true" condition-coverage="100% (2/2)"/>
						<line number="902" hits="1"/>
						<line number="904" hits="1"/>
						<line number="905" hits="1"/>
						<line number="907" hits="1"/>
						<line number="909" hits="1"/>
						<line number="910" hits="1" branch="true" condition-coverage="100% (2/2)"/>
						<line number="913" hits="1"/>
						<line number="915" hits="1"/>
						<line number="916" hits="1" branch="true" condition-coverage="100% (2/2)"/>
						<line number="918" hits="1"/>
						<line number="921" hits="1"/>
						<line number="934" hits="1"/>
						<line number="935" hits="1"/>
						<line number="936" hits="1"/>
						<line number="937" hits="1"/>
						<line number="939" hits="1"/>
						<line number="942" hits="1"/>
						<line number="943" hits="1"/>
						<line number="947" hits="1" branch="true" condition-coverage="100% (2/2)"/>
						<line number="948" hits="1" branch="true" condition-coverage="100% (2/2)"/>
						<line number="949" hits="1"/>
						<line number="951" hits="1"/>
						<line number="952" hits="1"/>
						<line number="954" hits="1"/>
						<line number="956" hits="1"/>
						<line number="958" hits="1"/>
						<line number="960" hits="1"/>
						<line number="961" hits="1"/>
						<line number="962" hits="1"/>
						<line number="964" hits="1"/>
						<line number="966" hits="1" branch="true" condition-coverage="100% (2/2)"/>
						<line number="967" hits="1"/>
						<line number="968" hits="1"/>
						<line number="971" hits="1"/>
						<line number="974" hits="1"/>
						<line number="976" hits="1"/>
						<line number="987" hits="1"/>
						<line number="988" hits="1"/>
						<line number="989" hits="1"/>
						<line number="991" hits="1"/>
						<line number="992" hits="1"/>
						<line number="994" hits="1"/>
						<line number="995" hits="1" branch="true" condition-coverage="100% (2/2)"/>
						<line number="1000" hits="1"/>
						<line number="1001" hits="1"/>
						<line number="1003" hits="1"/>
						<line number="1004" hits="1"/>
						<line number="1005" hits="1" branch="true" condition-coverage="100% (2/2)"/>
						<line number="1006" hits="1"/>
						<line number="1007" hits="1"/>
						<line number="1009" hits="1"/>
						<line number="1010" hits="1"/>
						<line number="1012" hits="1"/>
						<line number="1025" hits="1" branch="true" condition-coverage="100% (2/2)"/>
						<line number="1026" hits="1"/>
						<line number="1027" hits="1"/>
						<line number="1029" hits="1"/>
						<line number="1042" hits="1" branch="true" condition-coverage="100% (2/2)"/>
						<line number="1044" hits="1" branch="true" condition-coverage="100% (2/2)"/>
						<line number="1045" hits="1"/>
						<line number="1058" hits="1" branch="true" condition-coverage="100% (2/2)"/>
						<line number="1060" hits="1" branch="true" condition-coverage="100% (2/2)"/>
						<line number="1061" hits="1"/>
						<line number="1062" hits="1" branch="true" condition-coverage="50% (1/2)" missing-branches="1072"/>
						<line number="1063" hits="1"/>
						<line number="1066" hits="1" branch="true" condition-coverage="100% (2/2)"/>
						<line number="1067" hits="1"/>
						<line number="1068" hits="1"/>
						<line number="1069" hits="1"/>
						<line number="1072" hits="1" branch="true" condition-coverage="100% (2/2)"/>
						<line number="1073" hits="1"/>
						<line number="1080" hits="1" branch="true" condition-coverage="50% (1/2)" missing-branches="1081"/>
						<line number="1081" hits="0" branch="true" condition-coverage="0% (0/2)" missing-branches="1082,1088"/>
						<line number="1082" hits="0"/>
						<line number="1083" hits="0"/>
						<line number="1086" hits="0" branch="true" condition-coverage="0% (0/2)" missing-branches="1081,1087"/>
						<line number="1087" hits="0"/>
						<line number="1088" hits="1" branch="true" condition-coverage="100% (2/2)"/>
						<line number="1089" hits="1"/>
						<line number="1098" hits="1"/>
						<line number="1099" hits="1"/>
						<line number="1100" hits="1"/>
						<line number="1101" hits="1"/>
						<line number="1103" hits="1" branch="true" condition-coverage="100% (2/2)"/>
						<line number="1104" hits="1"/>
						<line number="1109" hits="1" branch="true" condition-coverage="100% (2/2)"/>
						<line number="1111" hits="1"/>
						<line number="1114" hits="1" branch="true" condition-coverage="100% (2/2)"/>
						<line number="1115" hits="1"/>
						<line number="1116" hits="1"/>
						<line number="1117" hits="1"/>
						<line number="1118" hits="1" branch="true" condition-coverage="100% (2/2)"/>
						<line number="1119" hits="1"/>
						<line number="1124" hits="1"/>
						<line number="1127" hits="1" branch="true" condition-coverage="100% (2/2)"/>
						<line number="1128" hits="1" branch="true" condition-coverage="100% (2/2)"/>
						<line number="1129" hits="1"/>
						<line number="1131" hits="1"/>
						<line number="1134" hits="1" branch="true" condition-coverage="100% (2/2)"/>
						<line number="1136" hits="1" branch="true" condition-coverage="100% (2/2)"/>
						<line number="1137" hits="1"/>
						<line number="1141" hits="1"/>
						<line number="1150" hits="1"/>
						<line number="1175" hits="1"/>
						<line number="1176" hits="1"/>
						<line number="1177" hits="1"/>
						<line number="1178" hits="1" branch="true" condition-coverage="100% (2/2)"/>
						<line number="1179" hits="1"/>
						<line number="1180" hits="1"/>
						<line number="1181" hits="1"/>
						<line number="1182" hits="1"/>
						<line number="1184" hits="1"/>
						<line number="1185" hits="1"/>
						<line number="1186" hits="1"/>
						<line number="1187" hits="1"/>
						<line number="1188" hits="1"/>
						<line number="1190" hits="1"/>
						<line number="1191" hits="1"/>
						<line number="1192" hits="1"/>
						<line number="1193" hits="1"/>
						<line number="1195" hits="1"/>
						<line number="1208" hits="1"/>
						<line number="1209" hits="1"/>
						<line number="1211" hits="1" branch="true" condition-coverage="100% (2/2)"/>
						<line number="1212" hits="1" branch="true" condition-coverage="100% (2/2)"/>
						<line number="1213" hits="1"/>
						<line number="1214" hits="1"/>
						<line number="1215" hits="1"/>
						<line number="1217" hits="1"/>
						<line number="1219" hits="1" branch="true" condition-coverage="100% (2/2)"/>
						<line number="1220" hits="1"/>
						<line number="1221" hits="1" branch="true" condition-coverage="100% (2/2)"/>
						<line number="1222" hits="1"/>
						<line number="1224" hits="1" branch="true" condition-coverage="100% (2/2)"/>
						<line number="1225" hits="1"/>
						<line number="1227" hits="1"/>
						<line number="1229" hits="1"/>
						<line number="1232" hits="1"/>
						<line number="1237" hits="1"/>
						<line number="1239" hits="0"/>
						<line number="1242" hits="1"/>
						<line number="1244" hits="0"/>
						<line number="1247" hits="1"/>
						<line number="1249" hits="1"/>
						<line number="1251" hits="1"/>
						<line number="1252" hits="1"/>
						<line number="1253" hits="1"/>
						<line number="1254" hits="1"/>
						<line number="1255" hits="1"/>
						<line number="1256" hits="1"/>
						<line number="1258" hits="1"/>
						<line number="1270" hits="1"/>
						<line number="1274" hits="1" branch="true" condition-coverage="100% (2/2)"/>
						<line number="1275" hits="1"/>
						<line number="1276" hits="1" branch="true" condition-coverage="100% (2/2)"/>
						<line number="1277" hits="1"/>
						<line number="1280" hits="1" branch="true" condition-coverage="100% (2/2)"/>
						<line number="1281" hits="1"/>
						<line number="1282" hits="1"/>
						<line number="1283" hits="1"/>
						<line number="1285" hits="1"/>
						<line number="1287" hits="1"/>
						<line number="1288" hits="1" branch="true" condition-coverage="100% (2/2)"/>
						<line number="1291" hits="1"/>
						<line number="1292" hits="1" branch="true" condition-coverage="100% (2/2)"/>
						<line number="1293" hits="1"/>
						<line number="1294" hits="1"/>
						<line number="1296" hits="1"/>
						<line number="1304" hits="1"/>
						<line number="1309" hits="1"/>
						<line number="1310" hits="1"/>
						<line number="1312" hits="1"/>
						<line number="1320" hits="1"/>
						<line number="1322" hits="1"/>
						<line number="1329" hits="1"/>
						<line number="1330" hits="1"/>
						<line number="1334" hits="1"/>
						<line number="1335" hits="1"/>
						<line number="1336" hits="1"/>
						<line number="1337" hits="1"/>
						<line number="1338" hits="1"/>
						<line number="1340" hits="1"/>
						<line number="1342" hits="1"/>
						<line number="1352" hits="1"/>
						<line number="1355" hits="1" branch="true" condition-coverage="100% (2/2)"/>
						<line number="1356" hits="1"/>
						<line number="1357" hits="1"/>
						<line number="1360" hits="1"/>
						<line number="1361" hits="1"/>
						<line number="1362" hits="1"/>
						<line number="1363" hits="1"/>
						<line number="1365" hits="1"/>
						<line number="1381" hits="1"/>
						<line number="1383" hits="1"/>
						<line number="1396" hits="1"/>
						<line number="1398" hits="1"/>
						<line number="1405" hits="1"/>
						<line number="1406" hits="1"/>
						<line number="1408" hits="1"/>
						<line number="1416" hits="1"/>
						<line number="1418" hits="1"/>
						<line number="1428" hits="1"/>
						<line number="1429" hits="1"/>
						<line number="1432" hits="1"/>
						<line number="1455" hits="1"/>
						<line number="1462" hits="0"/>
						<line number="1464" hits="1"/>
						<line number="1465" hits="1"/>
						<line number="1467" hits="1"/>
						<line number="1468" hits="1"/>
						<line number="1471" hits="1"/>
						<line number="1474" hits="1"/>
						<line number="1475" hits="1"/>
						<line number="1477" hits="1"/>
						<line number="1478" hits="1"/>
						<line number="1480" hits="1"/>
						<line number="1481" hits="0"/>
						<line number="1484" hits="1"/>
						<line number="1492" hits="1"/>
						<line number="1499" hits="1"/>
						<line number="1501" hits="1"/>
						<line number="1512" hits="1"/>
						<line number="1513" hits="1"/>
						<line number="1514" hits="1"/>
						<line number="1517" hits="1"/>
						<line number="1519" hits="1"/>
						<line number="1529" hits="1"/>
						<line number="1530" hits="1"/>
						<line number="1531" hits="0"/>
						<line number="1534" hits="0"/>
						<line number="1536" hits="1"/>
						<line number="1537" hits="0"/>
						<line number="1540" hits="1"/>
						<line number="1547" hits="1"/>
						<line number="1555" hits="1"/>
						<line number="1556" hits="1"/>
						<line number="1558" hits="1"/>
						<line number="1568" hits="1"/>
						<line number="1569" hits="1"/>
						<line number="1570" hits="1"/>
						<line number="1573" hits="1"/>
						<line number="1575" hits="1"/>
						<line number="1576" hits="0"/>
						<line number="1579" hits="1"/>
						<line number="1588" hits="1"/>
						<line number="1596" hits="1"/>
						<line number="1598" hits="1"/>
						<line number="1609" hits="1"/>
						<line number="1610" hits="1"/>
						<line number="1611" hits="0"/>
						<line number="1612" hits="0"/>
						<line number="1614" hits="1"/>
						<line number="1615" hits="0"/>
						<line number="1618" hits="1"/>
						<line number="1624" hits="1"/>
						<line number="1634" hits="1"/>
						<line number="1636" hits="1"/>
						<line number="1643" hits="1"/>
						<line number="1644" hits="1"/>
						<line number="1645" hits="0"/>
						<line number="1646" hits="0"/>
						<line number="1648" hits="1"/>
						<line number="1649" hits="1"/>
						<line number="1650" hits="1" branch="true" condition-coverage="50% (1/2)" missing-branches="1652"/>
						<line number="1651" hits="1"/>
						<line number="1652" hits="1"/>
						<line number="1653" hits="1" branch="true" condition-coverage="100% (2/2)"/>
						<line number="1654" hits="1"/>
						<line number="1655" hits="1"/>
						<line number="1656" hits="1"/>
						<line number="1659" hits="1"/>
						<line number="1666" hits="1"/>
						<line number="1673" hits="1"/>
						<line number="1675" hits="1"/>
						<line number="1685" hits="1"/>
						<line number="1686" hits="1"/>
						<line number="1687" hits="0"/>
						<line number="1688" hits="0"/>
						<line number="1690" hits="1"/>
						<line number="1691" hits="0"/>
						<line number="1694" hits="1"/>
						<line number="1701" hits="1"/>
						<line number="1708" hits="1"/>
						<line number="1710" hits="1"/>
						<line number="1712" hits="1"/>
						<line number="1722" hits="1"/>
						<line number="1723" hits="1"/>
						<line number="1724" hits="0"/>
						<line number="1725" hits="0"/>
						<line number="1727" hits="1"/>
						<line number="1728" hits="0"/>
						<line number="1731" hits="1"/>
						<line number="1738" hits="1"/>
						<line number="1746" hits="1"/>
						<line number="1747" hits="1"/>
						<line number="1749" hits="1"/>
						<line number="1756" hits="1"/>
						<line number="1757" hits="1"/>
						<line number="1758" hits="1"/>
						<line number="1759" hits="1"/>
						<line number="1761" hits="1"/>
						<line number="1762" hits="0"/>
						<line number="1766" hits="1"/>
						<line number="1774" hits="1"/>
						<line number="1782" hits="1"/>
						<line number="1783" hits="1"/>
						<line number="1785" hits="1"/>
						<line number="1793" hits="1"/>
						<line number="1794" hits="1"/>
						<line number="1795" hits="0"/>
						<line number="1796" hits="0"/>
						<line number="1799" hits="1"/>
						<line number="1806" hits="1"/>
						<line number="1813" hits="1"/>
						<line number="1815" hits="1"/>
						<line number="1824" hits="1"/>
						<line number="1827" hits="1"/>
						<line number="1828" hits="1"/>
						<line number="1833" hits="1"/>
						<line number="1835" hits="1"/>
						<line number="1836" hits="1" branch="true" condition-coverage="100% (2/2)"/>
						<line number="1838" hits="1" branch="true" condition-coverage="100% (2/2)"/>
						<line number="1839" hits="1"/>
						<line number="1842" hits="1"/>
						<line number="1843" hits="1"/>
						<line number="1844" hits="1" branch="true" condition-coverage="100% (2/2)"/>
						<line number="1845" hits="1" branch="true" condition-coverage="100% (2/2)"/>
						<line number="1846" hits="1"/>
						<line number="1847" hits="1" branch="true" condition-coverage="100% (2/2)"/>
						<line number="1848" hits="1" branch="true" condition-coverage="100% (2/2)"/>
						<line number="1849" hits="1"/>
						<line number="1850" hits="1"/>
						<line number="1852" hits="1"/>
						<line number="1854" hits="1"/>
						<line number="1855" hits="0"/>
						<line number="1858" hits="1"/>
						<line number="1863" hits="1"/>
						<line number="1870" hits="1"/>
						<line number="1872" hits="1"/>
						<line number="1882" hits="1" branch="true" condition-coverage="100% (2/2)"/>
						<line number="1883" hits="1" branch="true" condition-coverage="100% (2/2)"/>
						<line number="1884" hits="1"/>
						<line number="1886" hits="1"/>
						<line number="1888" hits="1"/>
						<line number="1889" hits="0"/>
						<line number="1892" hits="1"/>
						<line number="1897" hits="1"/>
						<line number="1904" hits="1"/>
						<line number="1906" hits="1"/>
						<line number="1916" hits="1" branch="true" condition-coverage="100% (2/2)"/>
						<line number="1917" hits="1" branch="true" condition-coverage="100% (2/2)"/>
						<line number="1918" hits="1"/>
						<line number="1920" hits="1"/>
						<line number="1922" hits="1"/>
						<line number="1923" hits="0"/>
						<line number="1926" hits="1"/>
						<line number="1943" hits="1"/>
						<line number="1950" hits="1"/>
						<line number="1952" hits="1"/>
						<line number="1964" hits="1"/>
						<line number="1966" hits="1"/>
						<line number="1967" hits="0"/>
						<line number="1970" hits="1"/>
						<line number="1980" hits="1"/>
						<line number="1990" hits="1"/>
						<line number="1992" hits="1"/>
						<line number="1993" hits="0"/>
						<line number="1996" hits="1"/>
						<line number="2003" hits="1"/>
						<line number="2004" hits="1"/>
						<line number="2005" hits="1"/>
						<line number="2007" hits="1"/>
						<line number="2008" hits="1"/>
						<line number="2009" hits="1"/>
						<line number="2011" hits="1"/>
						<line number="2012" hits="1" branch="true" condition-coverage="100% (2/2)"/>
						<line number="2013" hits="1"/>
						<line number="2015" hits="1"/>
						<line number="2017" hits="1"/>
						<line number="2018" hits="0" branch="true" condition-coverage="0% (0/2)" missing-branches="2019,2021"/>
						<line number="2019" hits="0"/>
						<line number="2021" hits="0"/>
						<line number="2024" hits="1"/>
						<line number="2038" hits="1"/>
						<line number="2039" hits="1" branch="true" condition-coverage="50% (1/2)" missing-branches="2040"/>
						<line number="2040" hits="0"/>
						<line number="2042" hits="1"/>
						<line number="2044" hits="1"/>
						<line number="2045" hits="1"/>
						<line number="2046" hits="1"/>
						<line number="2048" hits="1"/>
						<line number="2049" hits="0"/>
						<line number="2052" hits="1"/>
						<line number="2055" hits="1"/>
						<line number="2065" hits="1"/>
						<line number="2066" hits="1"/>
						<line number="2068" hits="1"/>
						<line number="2069" hits="1"/>
						<line number="2071" hits="1"/>
						<line number="2072" hits="1"/>
						<line number="2074" hits="1"/>
						<line number="2075" hits="0"/>
						<line number="2077" hits="1"/>
						<line number="2078" hits="0"/>
						<line number="2080" hits="1"/>
						<line number="2081" hits="0"/>
						<line number="2084" hits="1"/>
						<line number="2091" hits="1"/>
						<line number="2092" hits="1"/>
						<line number="2093" hits="1"/>
						<line number="2095" hits="1"/>
						<line number="2096" hits="1" branch="true" condition-coverage="100% (2/2)"/>
						<line number="2101" hits="1"/>
						<line number="2108" hits="1"/>
						<line number="2110" hits="1"/>
						<line number="2129" hits="1" branch="true" condition-coverage="100% (2/2)"/>
						<line number="2130" hits="1" branch="true" condition-coverage="100% (2/2)"/>
						<line number="2136" hits="1"/>
						<line number="2140" hits="1" branch="true" condition-coverage="100% (2/2)"/>
						<line number="2141" hits="1"/>
						<line number="2143" hits="1"/>
						<line number="2145" hits="1"/>
						<line number="2146" hits="1"/>
						<line number="2147" hits="1"/>
						<line number="2149" hits="1"/>
						<line number="2152" hits="1"/>
						<line number="2155" hits="1"/>
						<line number="2164" hits="1"/>
						<line number="2165" hits="1"/>
						<line number="2166" hits="1"/>
						<line number="2167" hits="1"/>
						<line number="2169" hits="1"/>
						<line number="2176" hits="1"/>
						<line number="2177" hits="1"/>
						<line number="2179" hits="1"/>
						<line number="2198" hits="1" branch="true" condition-coverage="100% (2/2)"/>
						<line number="2199" hits="1" branch="true" condition-coverage="100% (2/2)"/>
						<line number="2200" hits="1"/>
						<line number="2203" hits="1"/>
						<line number="2204" hits="1"/>
						<line number="2206" hits="1" branch="true" condition-coverage="100% (2/2)"/>
						<line number="2207" hits="1"/>
						<line number="2208" hits="1"/>
						<line number="2210" hits="1"/>
						<line number="2211" hits="1"/>
						<line number="2212" hits="1"/>
						<line number="2214" hits="1"/>
						<line number="2217" hits="1"/>
						<line number="2220" hits="1"/>
						<line number="2229" hits="1"/>
						<line number="2233" hits="0"/>
						<line number="2238" hits="1" branch="true" condition-coverage="100% (2/2)"/>
						<line number="2239" hits="1" branch="true" condition-coverage="100% (2/2)"/>
						<line number="2240" hits="1"/>
						<line number="2243" hits="0"/>
						<line number="2244" hits="0"/>
						<line number="2246" hits="1" branch="true" condition-coverage="100% (2/2)"/>
						<line number="2247" hits="1" branch="true" condition-coverage="100% (2/2)"/>
						<line number="2248" hits="1"/>
						<line number="2250" hits="1"/>
						<line number="2251" hits="1" branch="true" condition-coverage="100% (2/2)"/>
						<line number="2264" hits="1"/>
						<line number="2265" hits="1"/>
						<line number="2266" hits="1"/>
						<line number="2267" hits="1"/>
						<line number="2268" hits="1"/>
						<line number="2269" hits="1" branch="true" condition-coverage="50% (1/2)" missing-branches="2271"/>
						<line number="2270" hits="1"/>
						<line number="2271" hits="1" branch="true" condition-coverage="50% (1/2)" missing-branches="2274"/>
						<line number="2273" hits="1"/>
						<line number="2274" hits="1"/>
						<line number="2275" hits="1"/>
						<line number="2277" hits="1" branch="true" condition-coverage="50% (1/2)" missing-branches="2279"/>
						<line number="2278" hits="1"/>
						<line number="2279" hits="1" branch="true" condition-coverage="50% (1/2)" missing-branches="2282"/>
						<line number="2280" hits="1"/>
						<line number="2281" hits="1"/>
						<line number="2282" hits="1" branch="true" condition-coverage="50% (1/2)" missing-branches="exit"/>
						<line number="2283" hits="1"/>
						<line number="2285" hits="1"/>
						<line number="2286" hits="1"/>
						<line number="2287" hits="1"/>
						<line number="2288" hits="1"/>
						<line number="2291" hits="1"/>
						<line number="2294" hits="1"/>
						<line number="2303" hits="1"/>
						<line number="2304" hits="1"/>
						<line number="2305" hits="1"/>
						<line number="2306" hits="1"/>
					</lines>
				</class>
				<class name="stubout.py" filename="mox/stubout.py" complexity="0" line-rate="0.566" branch-rate="0.4545">
					<methods/>
					<lines>
						<line number="17" hits="1"/>
						<line number="18" hits="1"/>
						<line number="21" hits="1"/>
						<line number="36" hits="1"/>
						<line number="37" hits="1"/>
						<line number="38" hits="1"/>
						<line number="40" hits="1"/>
						<line number="41" hits="1"/>
						<line number="42" hits="1"/>
						<line number="44" hits="1"/>
						<line number="64" hits="0" branch="true" condition-coverage="0% (0/2)" missing-branches="66,70"/>
						<line number="66" hits="0"/>
						<line number="67" hits="0"/>
						<line number="70" hits="0" branch="true" condition-coverage="0% (0/2)" missing-branches="71,73"/>
						<line number="71" hits="0"/>
						<line number="73" hits="0"/>
						<line number="75" hits="0"/>
						<line number="77" hits="0"/>
						<line number="79" hits="0" branch="true" condition-coverage="0% (0/2)" missing-branches="80,86"/>
						<line number="80" hits="0"/>
						<line number="81" hits="0"/>
						<line number="82" hits="0"/>
						<line number="83" hits="0"/>
						<line number="84" hits="0"/>
						<line number="86" hits="0" branch="true" condition-coverage="0% (0/2)" missing-branches="87,91"/>
						<line number="87" hits="0"/>
						<line number="91" hits="0"/>
						<line number="92" hits="0" branch="true" condition-coverage="0% (0/2)" missing-branches="95,97"/>
						<line number="95" hits="0"/>
						<line number="97" hits="0"/>
						<line number="98" hits="0"/>
						<line number="100" hits="1"/>
						<line number="106" hits="1"/>
						<line number="108" hits="1" branch="true" condition-coverage="50% (1/2)" missing-branches="109"/>
						<line number="109" hits="0"/>
						<line number="111" hits="1"/>
						<line number="113" hits="1"/>
						<line number="124" hits="1"/>
						<line number="126" hits="1"/>
						<line number="127" hits="1" branch="true" condition-coverage="100% (2/2)"/>
						<line number="128" hits="1" branch="true" condition-coverage="100% (2/2)"/>
						<line number="129" hits="1"/>
						<line number="130" hits="1" branch="true" condition-coverage="100% (2/2)"/>
						<line number="131" hits="1" branch="true" condition-coverage="50% (1/2)" missing-branches="132"/>
						<line number="132" hits="0"/>
						<line number="134" hits="1"/>
						<line number="136" hits="1"/>
						<line number="137" hits="1"/>
						<line number="139" hits="1"/>
						<line number="148" hits="1"/>
						<line number="150" hits="1" branch="true" condition-coverage="100% (2/2)"/>
						<line number="151" hits="1"/>
						<line number="152" hits="1"/>
					</lines>
				</class>
			</classes>
		</package>
	</packages>
</coverage>
